#
# There is insufficient memory for the Java Runtime Environment to continue.
# Native memory allocation (malloc) failed to allocate 2097152 bytes for AllocateHeap
# Possible reasons:
#   The system is out of physical RAM or swap space
#   The process is running with CompressedOops enabled, and the Java Heap may be blocking the growth of the native heap
# Possible solutions:
#   Reduce memory load on the system
#   Increase physical memory or swap space
#   Check if swap backing store is full
#   Decrease Java heap size (-Xmx/-Xms)
#   Decrease number of Java threads
#   Decrease Java thread stack sizes (-Xss)
#   Set larger code cache with -XX:ReservedCodeCacheSize=
#   JVM is running with Unscaled Compressed Oops mode in which the Java heap is
#     placed in the first 4GB address space. The Java Heap base address is the
#     maximum limit for the native heap growth. Please use -XX:HeapBaseMinAddress
#     to set the Java Heap base and to place the Java Heap above 4GB virtual address.
# This output file may be truncated or incomplete.
#
#  Out of Memory Error (allocation.cpp:44), pid=23708, tid=14180
#
# JRE version: OpenJDK Runtime Environment Temurin-17.0.10+7 (17.0.10+7) (build 17.0.10+7)
# Java VM: OpenJDK 64-Bit Server VM Temurin-17.0.10+7 (17.0.10+7, mixed mode, emulated-client, tiered, compressed oops, compressed class ptrs, g1 gc, windows-amd64)
# No core dump will be written. Minidumps are not enabled by default on client versions of Windows
#

---------------  S U M M A R Y ------------

Command Line: -Xmx1024m -Dsts.lsp.client=vscode -Dsts.log.file=/dev/null -XX:TieredStopAtLevel=1 -Xlog:jni+resolve=off -Dspring.config.location=file:c:\Users\USER\.vscode\extensions\vmware.vscode-spring-boot-1.54.0\language-server\BOOT-INF\classes\application.properties org.springframework.ide.vscode.boot.app.BootLanguageServerBootApp

Host: AMD Ryzen 7 5800H with Radeon Graphics         , 16 cores, 15G,  Windows 11 , 64 bit Build 22621 (10.0.22621.3374)
Time: Fri May  3 18:19:47 2024 Sri Lanka Standard Time elapsed time: 13521.792718 seconds (0d 3h 45m 21s)

---------------  T H R E A D  ---------------

Current thread (0x0000027bab683be0):  VMThread "VM Thread" [stack: 0x000000f305f00000,0x000000f306000000] [id=14180]

Stack: [0x000000f305f00000,0x000000f306000000]
Native frames: (J=compiled Java code, j=interpreted, Vv=VM code, C=native code)
V  [jvm.dll+0x67d2c9]
V  [jvm.dll+0x834afa]
V  [jvm.dll+0x8365be]
V  [jvm.dll+0x836c23]
V  [jvm.dll+0x2477ff]
V  [jvm.dll+0xa6c93]
V  [jvm.dll+0x2f86f1]
V  [jvm.dll+0x2f42e0]
V  [jvm.dll+0x2dc8c7]
V  [jvm.dll+0x31fb87]
V  [jvm.dll+0x83b11b]
V  [jvm.dll+0x83be61]
V  [jvm.dll+0x83c37d]
V  [jvm.dll+0x83c754]
V  [jvm.dll+0x83c820]
V  [jvm.dll+0x7e3fba]
V  [jvm.dll+0x67c1b5]
C  [ucrtbase.dll+0x29333]
C  [KERNEL32.DLL+0x1257d]
C  [ntdll.dll+0x5aa48]

VM_Operation (0x000000f307efea40): G1CollectFull, mode: safepoint, requested by thread 0x0000027bb090e040


---------------  P R O C E S S  ---------------

Threads class SMR info:
_java_thread_list=0x0000027bb078e180, length=36, elements={
0x0000027bab63e950, 0x0000027bab684500, 0x0000027bab6aec90, 0x0000027bab6b26e0,
0x0000027bab6b35c0, 0x0000027bab6b44a0, 0x0000027bab6bed90, 0x0000027bab6c5bc0,
0x0000027bab8de250, 0x0000027bab8f5e00, 0x0000027bb1567880, 0x0000027bb090e040,
0x0000027bb090f890, 0x0000027b9fd18ba0, 0x0000027bb0784fa0, 0x0000027bb070eec0,
0x0000027bb092b8e0, 0x0000027bb092a9b0, 0x0000027bb092a4a0, 0x0000027bb092bdf0,
0x0000027bb0929f90, 0x0000027bb06d4960, 0x0000027bb06d3a30, 0x0000027bb06d20e0,
0x0000027bb06d11b0, 0x0000027bb06d4e70, 0x0000027bb06d25f0, 0x0000027bb06d62b0,
0x0000027bb06d5890, 0x0000027bb06d1bd0, 0x0000027bb06d3520, 0x0000027bb06d0280,
0x0000027bb06cf350, 0x0000027bb06d3f40, 0x0000027bb06d6cd0, 0x0000027bb06cf860
}

Java Threads: ( => current thread )
  0x0000027bab63e950 JavaThread "Reference Handler" daemon [_thread_blocked, id=25928, stack(0x000000f306000000,0x000000f306100000)]
  0x0000027bab684500 JavaThread "Finalizer" daemon [_thread_blocked, id=26140, stack(0x000000f306100000,0x000000f306200000)]
  0x0000027bab6aec90 JavaThread "Signal Dispatcher" daemon [_thread_blocked, id=21412, stack(0x000000f306200000,0x000000f306300000)]
  0x0000027bab6b26e0 JavaThread "Attach Listener" daemon [_thread_blocked, id=27484, stack(0x000000f306300000,0x000000f306400000)]
  0x0000027bab6b35c0 JavaThread "Service Thread" daemon [_thread_blocked, id=26404, stack(0x000000f306400000,0x000000f306500000)]
  0x0000027bab6b44a0 JavaThread "Monitor Deflation Thread" daemon [_thread_blocked, id=22260, stack(0x000000f306500000,0x000000f306600000)]
  0x0000027bab6bed90 JavaThread "C1 CompilerThread0" daemon [_thread_blocked, id=16268, stack(0x000000f306600000,0x000000f306700000)]
  0x0000027bab6c5bc0 JavaThread "Sweeper thread" daemon [_thread_blocked, id=4024, stack(0x000000f306700000,0x000000f306800000)]
  0x0000027bab8de250 JavaThread "Notification Thread" daemon [_thread_blocked, id=26112, stack(0x000000f306a00000,0x000000f306b00000)]
  0x0000027bab8f5e00 JavaThread "Common-Cleaner" daemon [_thread_blocked, id=23740, stack(0x000000f306c00000,0x000000f306d00000)]
  0x0000027bb1567880 JavaThread "boundedElastic-evictor-1" daemon [_thread_blocked, id=10708, stack(0x000000f307d00000,0x000000f307e00000)]
  0x0000027bb090e040 JavaThread "pool-13-thread-1" [_thread_blocked, id=14552, stack(0x000000f307e00000,0x000000f307f00000)]
  0x0000027bb090f890 JavaThread "LanguageServerApp-lifecycle" [_thread_blocked, id=21304, stack(0x000000f307f00000,0x000000f308000000)]
  0x0000027b9fd18ba0 JavaThread "DestroyJavaVM" [_thread_blocked, id=23720, stack(0x000000f305900000,0x000000f305a00000)]
  0x0000027bb0784fa0 JavaThread "pool-14-thread-1" [_thread_in_native, id=12492, stack(0x000000f308000000,0x000000f308100000)]
  0x0000027bb070eec0 JavaThread "Simple-Language-Server main thread" daemon [_thread_blocked, id=27300, stack(0x000000f308100000,0x000000f308200000)]
  0x0000027bb092b8e0 JavaThread "pool-8-thread-1" [_thread_blocked, id=27288, stack(0x000000f308400000,0x000000f308500000)]
  0x0000027bb092a9b0 JavaThread "parallel-1" daemon [_thread_blocked, id=22404, stack(0x000000f308500000,0x000000f308600000)]
  0x0000027bb092a4a0 JavaThread "pool-6-thread-1" [_thread_blocked, id=16752, stack(0x000000f308600000,0x000000f308700000)]
  0x0000027bb092bdf0 JavaThread "parallel-2" daemon [_thread_blocked, id=5844, stack(0x000000f308700000,0x000000f308800000)]
  0x0000027bb0929f90 JavaThread "parallel-3" daemon [_thread_blocked, id=26992, stack(0x000000f308800000,0x000000f308900000)]
  0x0000027bb06d4960 JavaThread "parallel-4" daemon [_thread_blocked, id=21676, stack(0x000000f309000000,0x000000f309100000)]
  0x0000027bb06d3a30 JavaThread "parallel-5" daemon [_thread_blocked, id=7648, stack(0x000000f309100000,0x000000f309200000)]
  0x0000027bb06d20e0 JavaThread "Reconciler-1" daemon [_thread_blocked, id=3992, stack(0x000000f309200000,0x000000f309300000)]
  0x0000027bb06d11b0 JavaThread "parallel-6" daemon [_thread_blocked, id=2776, stack(0x000000f305800000,0x000000f305900000)]
  0x0000027bb06d4e70 JavaThread "parallel-7" daemon [_thread_blocked, id=18960, stack(0x000000f306d00000,0x000000f306e00000)]
  0x0000027bb06d25f0 JavaThread "parallel-8" daemon [_thread_blocked, id=15184, stack(0x000000f306800000,0x000000f306900000)]
  0x0000027bb06d62b0 JavaThread "parallel-9" daemon [_thread_blocked, id=3164, stack(0x000000f307400000,0x000000f307500000)]
  0x0000027bb06d5890 JavaThread "parallel-10" daemon [_thread_blocked, id=25744, stack(0x000000f308900000,0x000000f308a00000)]
  0x0000027bb06d1bd0 JavaThread "CompletableFutureDelayScheduler" daemon [_thread_blocked, id=23308, stack(0x000000f308c00000,0x000000f308d00000)]
  0x0000027bb06d3520 JavaThread "parallel-11" daemon [_thread_blocked, id=27000, stack(0x000000f308a00000,0x000000f308b00000)]
  0x0000027bb06d0280 JavaThread "parallel-12" daemon [_thread_blocked, id=23364, stack(0x000000f308b00000,0x000000f308c00000)]
  0x0000027bb06cf350 JavaThread "parallel-13" daemon [_thread_blocked, id=19560, stack(0x000000f308d00000,0x000000f308e00000)]
  0x0000027bb06d3f40 JavaThread "parallel-14" daemon [_thread_blocked, id=23976, stack(0x000000f308200000,0x000000f308300000)]
  0x0000027bb06d6cd0 JavaThread "parallel-15" daemon [_thread_blocked, id=11668, stack(0x000000f309300000,0x000000f309400000)]
  0x0000027bb06cf860 JavaThread "parallel-16" daemon [_thread_blocked, id=22200, stack(0x000000f308f00000,0x000000f309000000)]

Other Threads:
=>0x0000027bab683be0 VMThread "VM Thread" [stack: 0x000000f305f00000,0x000000f306000000] [id=14180]
  0x0000027bab8e0b50 WatcherThread [stack: 0x000000f306b00000,0x000000f306c00000] [id=20684]
  0x0000027b9fd58d10 GCTaskThread "GC Thread#0" [stack: 0x000000f305a00000,0x000000f305b00000] [id=12528]
  0x0000027bb09e17e0 GCTaskThread "GC Thread#1" [stack: 0x000000f306e00000,0x000000f306f00000] [id=13172]
  0x0000027bb09e1aa0 GCTaskThread "GC Thread#2" [stack: 0x000000f306f00000,0x000000f307000000] [id=21592]
  0x0000027bb09b5b10 GCTaskThread "GC Thread#3" [stack: 0x000000f307000000,0x000000f307100000] [id=21552]
  0x0000027bb09b6de0 GCTaskThread "GC Thread#4" [stack: 0x000000f307100000,0x000000f307200000] [id=2188]
  0x0000027bb0ba2f40 GCTaskThread "GC Thread#5" [stack: 0x000000f307200000,0x000000f307300000] [id=21648]
  0x0000027bb0eee3d0 GCTaskThread "GC Thread#6" [stack: 0x000000f307500000,0x000000f307600000] [id=1776]
  0x0000027bb0eeeaa0 GCTaskThread "GC Thread#7" [stack: 0x000000f307600000,0x000000f307700000] [id=12160]
  0x0000027bb0eeed60 GCTaskThread "GC Thread#8" [stack: 0x000000f307700000,0x000000f307800000] [id=18936]
  0x0000027bb0eef840 GCTaskThread "GC Thread#9" [stack: 0x000000f307800000,0x000000f307900000] [id=4904]
  0x0000027bb0ef2340 GCTaskThread "GC Thread#10" [stack: 0x000000f307900000,0x000000f307a00000] [id=26024]
  0x0000027bb0ef2810 GCTaskThread "GC Thread#11" [stack: 0x000000f307a00000,0x000000f307b00000] [id=15996]
  0x0000027bb10c7280 GCTaskThread "GC Thread#12" [stack: 0x000000f307300000,0x000000f307400000] [id=23500]
  0x0000027b9fd61b70 ConcurrentGCThread "G1 Main Marker" [stack: 0x000000f305b00000,0x000000f305c00000] [id=26272]
  0x0000027b9fd624a0 ConcurrentGCThread "G1 Conc#0" [stack: 0x000000f305c00000,0x000000f305d00000] [id=1804]
  0x0000027bb0dd1910 ConcurrentGCThread "G1 Conc#1" [stack: 0x000000f307b00000,0x000000f307c00000] [id=10784]
  0x0000027bb0bfd960 ConcurrentGCThread "G1 Conc#2" [stack: 0x000000f307c00000,0x000000f307d00000] [id=2532]
  0x0000027bab4d8a20 ConcurrentGCThread "G1 Refine#0" [stack: 0x000000f305d00000,0x000000f305e00000] [id=26884]
  0x0000027bab4db270 ConcurrentGCThread "G1 Service" [stack: 0x000000f305e00000,0x000000f305f00000] [id=3484]

Threads with active compile tasks:

VM state: at safepoint (normal execution)

VM Mutex/Monitor currently owned by a thread:  ([mutex/lock_event])
[0x0000027b9daad6a0] Threads_lock - owner thread: 0x0000027bab683be0
[0x0000027b9fd17210] Heap_lock - owner thread: 0x0000027bb090e040

Heap address: 0x00000000c0000000, size: 1024 MB, Compressed Oops mode: 32-bit

CDS archive(s) not mapped
Compressed class space mapped at: 0x0000000100000000-0x0000000140000000, reserved size: 1073741824
Narrow klass base: 0x0000000000000000, Narrow klass shift: 3, Narrow klass range: 0x140000000

GC Precious Log:
 CPUs: 16 total, 16 available
 Memory: 15713M
 Large Page Support: Disabled
 NUMA Support: Disabled
 Compressed Oops: Enabled (32-bit)
 Heap Region Size: 1M
 Heap Min Capacity: 8M
 Heap Initial Capacity: 246M
 Heap Max Capacity: 1G
 Pre-touch: Disabled
 Parallel Workers: 13
 Concurrent Workers: 3
 Concurrent Refinement Workers: 13
 Periodic GC: Disabled

Heap:
 garbage-first heap   total 119808K, used 35931K [0x00000000c0000000, 0x0000000100000000)
  region size 1024K, 1 young (1024K), 0 survivors (0K)
 Metaspace       used 58960K, committed 59392K, reserved 1114112K
  class space    used 7334K, committed 7552K, reserved 1048576K

Heap Regions: E=young(eden), S=young(survivor), O=old, HS=humongous(starts), HC=humongous(continues), CS=collection set, F=free, OA=open archive, CA=closed archive, TAMS=top-at-mark-start (previous, next)
|   0|0x00000000c0000000, 0x00000000c0100000, 0x00000000c0100000|100%|HS|  |TAMS 0x00000000c0100000, 0x00000000c0000000| Untracked 
|   1|0x00000000c0100000, 0x00000000c0200000, 0x00000000c0200000|100%|HC|  |TAMS 0x00000000c0200000, 0x00000000c0100000| Untracked 
|   2|0x00000000c0200000, 0x00000000c0300000, 0x00000000c0300000|100%|HC|  |TAMS 0x00000000c0300000, 0x00000000c0200000| Untracked 
|   3|0x00000000c0300000, 0x00000000c0400000, 0x00000000c0400000|100%|HC|  |TAMS 0x00000000c0400000, 0x00000000c0300000| Untracked 
|   4|0x00000000c0400000, 0x00000000c0500000, 0x00000000c0500000|100%|HS|  |TAMS 0x00000000c0500000, 0x00000000c0400000| Untracked 
|   5|0x00000000c0500000, 0x00000000c0600000, 0x00000000c0600000|100%|HC|  |TAMS 0x00000000c0600000, 0x00000000c0500000| Untracked 
|   6|0x00000000c0600000, 0x00000000c06fe8e8, 0x00000000c0700000| 99%| O|  |TAMS 0x00000000c06fe8e8, 0x00000000c0600000| Untracked 
|   7|0x00000000c0700000, 0x00000000c07fffe8, 0x00000000c0800000| 99%| O|  |TAMS 0x00000000c07fffe8, 0x00000000c0700000| Untracked 
|   8|0x00000000c0800000, 0x00000000c0900000, 0x00000000c0900000|100%| O|  |TAMS 0x00000000c0900000, 0x00000000c0800000| Untracked 
|   9|0x00000000c0900000, 0x00000000c09ffff0, 0x00000000c0a00000| 99%| O|  |TAMS 0x00000000c09ffff0, 0x00000000c0900000| Untracked 
|  10|0x00000000c0a00000, 0x00000000c0affff8, 0x00000000c0b00000| 99%| O|  |TAMS 0x00000000c0affff8, 0x00000000c0a00000| Untracked 
|  11|0x00000000c0b00000, 0x00000000c0bffb18, 0x00000000c0c00000| 99%| O|  |TAMS 0x00000000c0bffb18, 0x00000000c0b00000| Untracked 
|  12|0x00000000c0c00000, 0x00000000c0cffff8, 0x00000000c0d00000| 99%| O|  |TAMS 0x00000000c0cffff8, 0x00000000c0c00000| Untracked 
|  13|0x00000000c0d00000, 0x00000000c0e00000, 0x00000000c0e00000|100%| O|  |TAMS 0x00000000c0e00000, 0x00000000c0d00000| Untracked 
|  14|0x00000000c0e00000, 0x00000000c0efffe8, 0x00000000c0f00000| 99%| O|  |TAMS 0x00000000c0efffe8, 0x00000000c0e00000| Untracked 
|  15|0x00000000c0f00000, 0x00000000c0ffffa8, 0x00000000c1000000| 99%| O|  |TAMS 0x00000000c0ffffa8, 0x00000000c0f00000| Untracked 
|  16|0x00000000c1000000, 0x00000000c1100000, 0x00000000c1100000|100%| O|  |TAMS 0x00000000c1100000, 0x00000000c1000000| Untracked 
|  17|0x00000000c1100000, 0x00000000c11ffff8, 0x00000000c1200000| 99%| O|  |TAMS 0x00000000c11ffff8, 0x00000000c1100000| Untracked 
|  18|0x00000000c1200000, 0x00000000c12ffff0, 0x00000000c1300000| 99%| O|  |TAMS 0x00000000c12ffff0, 0x00000000c1200000| Untracked 
|  19|0x00000000c1300000, 0x00000000c13fffd0, 0x00000000c1400000| 99%| O|  |TAMS 0x00000000c13fffd0, 0x00000000c1300000| Untracked 
|  20|0x00000000c1400000, 0x00000000c14ffff8, 0x00000000c1500000| 99%| O|  |TAMS 0x00000000c14ffff8, 0x00000000c1400000| Untracked 
|  21|0x00000000c1500000, 0x00000000c15ffff8, 0x00000000c1600000| 99%| O|  |TAMS 0x00000000c15ffff8, 0x00000000c1500000| Untracked 
|  22|0x00000000c1600000, 0x00000000c16fffd0, 0x00000000c1700000| 99%| O|  |TAMS 0x00000000c16fffd0, 0x00000000c1600000| Untracked 
|  23|0x00000000c1700000, 0x00000000c17ffe30, 0x00000000c1800000| 99%| O|  |TAMS 0x00000000c17ffe30, 0x00000000c1700000| Untracked 
|  24|0x00000000c1800000, 0x00000000c18ffff0, 0x00000000c1900000| 99%| O|  |TAMS 0x00000000c18ffff0, 0x00000000c1800000| Untracked 
|  25|0x00000000c1900000, 0x00000000c1a00000, 0x00000000c1a00000|100%| O|  |TAMS 0x00000000c1a00000, 0x00000000c1900000| Untracked 
|  26|0x00000000c1a00000, 0x00000000c1affaa0, 0x00000000c1b00000| 99%| O|  |TAMS 0x00000000c1affaa0, 0x00000000c1a00000| Untracked 
|  27|0x00000000c1b00000, 0x00000000c1c00000, 0x00000000c1c00000|100%|HS|  |TAMS 0x00000000c1c00000, 0x00000000c1b00000| Untracked 
|  28|0x00000000c1c00000, 0x00000000c1cffe88, 0x00000000c1d00000| 99%| O|  |TAMS 0x00000000c1cffe88, 0x00000000c1c00000| Untracked 
|  29|0x00000000c1d00000, 0x00000000c1df4ae0, 0x00000000c1e00000| 95%| O|  |TAMS 0x00000000c1df4ae0, 0x00000000c1d00000| Untracked 
|  30|0x00000000c1e00000, 0x00000000c1effff0, 0x00000000c1f00000| 99%| O|  |TAMS 0x00000000c1effff0, 0x00000000c1e00000| Untracked 
|  31|0x00000000c1f00000, 0x00000000c1ffffd0, 0x00000000c2000000| 99%| O|  |TAMS 0x00000000c1ffffd0, 0x00000000c1f00000| Untracked 
|  32|0x00000000c2000000, 0x00000000c20ffff8, 0x00000000c2100000| 99%| O|  |TAMS 0x00000000c20ffff8, 0x00000000c2000000| Untracked 
|  33|0x00000000c2100000, 0x00000000c21ffff0, 0x00000000c2200000| 99%| O|  |TAMS 0x00000000c21ffff0, 0x00000000c2100000| Untracked 
|  34|0x00000000c2200000, 0x00000000c22249f0, 0x00000000c2300000| 14%| O|  |TAMS 0x00000000c2200000, 0x00000000c2200000| Untracked 
|  35|0x00000000c2300000, 0x00000000c2300000, 0x00000000c2400000|  0%| F|  |TAMS 0x00000000c2300000, 0x00000000c2300000| Untracked 
|  36|0x00000000c2400000, 0x00000000c2500000, 0x00000000c2500000|100%| O|  |TAMS 0x00000000c2500000, 0x00000000c2400000| Untracked 
|  37|0x00000000c2500000, 0x00000000c2500000, 0x00000000c2600000|  0%| F|  |TAMS 0x00000000c2500000, 0x00000000c2500000| Untracked 
|  38|0x00000000c2600000, 0x00000000c2600000, 0x00000000c2700000|  0%| F|  |TAMS 0x00000000c2600000, 0x00000000c2600000| Untracked 
|  39|0x00000000c2700000, 0x00000000c2700000, 0x00000000c2800000|  0%| F|  |TAMS 0x00000000c2700000, 0x00000000c2700000| Untracked 
|  40|0x00000000c2800000, 0x00000000c2800000, 0x00000000c2900000|  0%| F|  |TAMS 0x00000000c2800000, 0x00000000c2800000| Untracked 
|  41|0x00000000c2900000, 0x00000000c2900000, 0x00000000c2a00000|  0%| F|  |TAMS 0x00000000c2900000, 0x00000000c2900000| Untracked 
|  42|0x00000000c2a00000, 0x00000000c2a00000, 0x00000000c2b00000|  0%| F|  |TAMS 0x00000000c2a00000, 0x00000000c2a00000| Untracked 
|  43|0x00000000c2b00000, 0x00000000c2b00000, 0x00000000c2c00000|  0%| F|  |TAMS 0x00000000c2b00000, 0x00000000c2b00000| Untracked 
|  44|0x00000000c2c00000, 0x00000000c2c00000, 0x00000000c2d00000|  0%| F|  |TAMS 0x00000000c2c00000, 0x00000000c2c00000| Untracked 
|  45|0x00000000c2d00000, 0x00000000c2d00000, 0x00000000c2e00000|  0%| F|  |TAMS 0x00000000c2d00000, 0x00000000c2d00000| Untracked 
|  46|0x00000000c2e00000, 0x00000000c2e00000, 0x00000000c2f00000|  0%| F|  |TAMS 0x00000000c2e00000, 0x00000000c2e00000| Untracked 
|  47|0x00000000c2f00000, 0x00000000c2f00000, 0x00000000c3000000|  0%| F|  |TAMS 0x00000000c2f00000, 0x00000000c2f00000| Untracked 
|  48|0x00000000c3000000, 0x00000000c3000000, 0x00000000c3100000|  0%| F|  |TAMS 0x00000000c3000000, 0x00000000c3000000| Untracked 
|  49|0x00000000c3100000, 0x00000000c3100000, 0x00000000c3200000|  0%| F|  |TAMS 0x00000000c3100000, 0x00000000c3100000| Untracked 
|  50|0x00000000c3200000, 0x00000000c3200000, 0x00000000c3300000|  0%| F|  |TAMS 0x00000000c3200000, 0x00000000c3200000| Untracked 
|  51|0x00000000c3300000, 0x00000000c3300000, 0x00000000c3400000|  0%| F|  |TAMS 0x00000000c3300000, 0x00000000c3300000| Untracked 
|  52|0x00000000c3400000, 0x00000000c3400000, 0x00000000c3500000|  0%| F|  |TAMS 0x00000000c3400000, 0x00000000c3400000| Untracked 
|  53|0x00000000c3500000, 0x00000000c3500000, 0x00000000c3600000|  0%| F|  |TAMS 0x00000000c3500000, 0x00000000c3500000| Untracked 
|  54|0x00000000c3600000, 0x00000000c3600000, 0x00000000c3700000|  0%| F|  |TAMS 0x00000000c3600000, 0x00000000c3600000| Untracked 
|  55|0x00000000c3700000, 0x00000000c3700000, 0x00000000c3800000|  0%| F|  |TAMS 0x00000000c3700000, 0x00000000c3700000| Untracked 
|  56|0x00000000c3800000, 0x00000000c3800000, 0x00000000c3900000|  0%| F|  |TAMS 0x00000000c3800000, 0x00000000c3800000| Untracked 
|  57|0x00000000c3900000, 0x00000000c3900000, 0x00000000c3a00000|  0%| F|  |TAMS 0x00000000c3900000, 0x00000000c3900000| Untracked 
|  58|0x00000000c3a00000, 0x00000000c3a00000, 0x00000000c3b00000|  0%| F|  |TAMS 0x00000000c3a00000, 0x00000000c3a00000| Untracked 
|  59|0x00000000c3b00000, 0x00000000c3b00000, 0x00000000c3c00000|  0%| F|  |TAMS 0x00000000c3b00000, 0x00000000c3b00000| Untracked 
|  60|0x00000000c3c00000, 0x00000000c3c00000, 0x00000000c3d00000|  0%| F|  |TAMS 0x00000000c3c00000, 0x00000000c3c00000| Untracked 
|  61|0x00000000c3d00000, 0x00000000c3d00000, 0x00000000c3e00000|  0%| F|  |TAMS 0x00000000c3d00000, 0x00000000c3d00000| Untracked 
|  62|0x00000000c3e00000, 0x00000000c3e00000, 0x00000000c3f00000|  0%| F|  |TAMS 0x00000000c3e00000, 0x00000000c3e00000| Untracked 
|  63|0x00000000c3f00000, 0x00000000c3f00000, 0x00000000c4000000|  0%| F|  |TAMS 0x00000000c3f00000, 0x00000000c3f00000| Untracked 
|  64|0x00000000c4000000, 0x00000000c4000000, 0x00000000c4100000|  0%| F|  |TAMS 0x00000000c4000000, 0x00000000c4000000| Untracked 
|  65|0x00000000c4100000, 0x00000000c4100000, 0x00000000c4200000|  0%| F|  |TAMS 0x00000000c4100000, 0x00000000c4100000| Untracked 
|  66|0x00000000c4200000, 0x00000000c4200000, 0x00000000c4300000|  0%| F|  |TAMS 0x00000000c4200000, 0x00000000c4200000| Untracked 
|  67|0x00000000c4300000, 0x00000000c4300000, 0x00000000c4400000|  0%| F|  |TAMS 0x00000000c4300000, 0x00000000c4300000| Untracked 
|  68|0x00000000c4400000, 0x00000000c4400000, 0x00000000c4500000|  0%| F|  |TAMS 0x00000000c4400000, 0x00000000c4400000| Untracked 
|  69|0x00000000c4500000, 0x00000000c4500000, 0x00000000c4600000|  0%| F|  |TAMS 0x00000000c4500000, 0x00000000c4500000| Untracked 
|  70|0x00000000c4600000, 0x00000000c4600000, 0x00000000c4700000|  0%| F|  |TAMS 0x00000000c4600000, 0x00000000c4600000| Untracked 
|  71|0x00000000c4700000, 0x00000000c4700000, 0x00000000c4800000|  0%| F|  |TAMS 0x00000000c4700000, 0x00000000c4700000| Untracked 
|  72|0x00000000c4800000, 0x00000000c4800000, 0x00000000c4900000|  0%| F|  |TAMS 0x00000000c4800000, 0x00000000c4800000| Untracked 
|  73|0x00000000c4900000, 0x00000000c4900000, 0x00000000c4a00000|  0%| F|  |TAMS 0x00000000c4900000, 0x00000000c4900000| Untracked 
|  74|0x00000000c4a00000, 0x00000000c4a00000, 0x00000000c4b00000|  0%| F|  |TAMS 0x00000000c4a00000, 0x00000000c4a00000| Untracked 
|  75|0x00000000c4b00000, 0x00000000c4b00000, 0x00000000c4c00000|  0%| F|  |TAMS 0x00000000c4b00000, 0x00000000c4b00000| Untracked 
|  76|0x00000000c4c00000, 0x00000000c4c00000, 0x00000000c4d00000|  0%| F|  |TAMS 0x00000000c4c00000, 0x00000000c4c00000| Untracked 
|  77|0x00000000c4d00000, 0x00000000c4d00000, 0x00000000c4e00000|  0%| F|  |TAMS 0x00000000c4d00000, 0x00000000c4d00000| Untracked 
|  78|0x00000000c4e00000, 0x00000000c4e00000, 0x00000000c4f00000|  0%| F|  |TAMS 0x00000000c4e00000, 0x00000000c4e00000| Untracked 
|  79|0x00000000c4f00000, 0x00000000c4f00000, 0x00000000c5000000|  0%| F|  |TAMS 0x00000000c4f00000, 0x00000000c4f00000| Untracked 
|  80|0x00000000c5000000, 0x00000000c5000000, 0x00000000c5100000|  0%| F|  |TAMS 0x00000000c5000000, 0x00000000c5000000| Untracked 
|  81|0x00000000c5100000, 0x00000000c5100000, 0x00000000c5200000|  0%| F|  |TAMS 0x00000000c5100000, 0x00000000c5100000| Untracked 
|  82|0x00000000c5200000, 0x00000000c5200000, 0x00000000c5300000|  0%| F|  |TAMS 0x00000000c5200000, 0x00000000c5200000| Untracked 
|  83|0x00000000c5300000, 0x00000000c5300000, 0x00000000c5400000|  0%| F|  |TAMS 0x00000000c5300000, 0x00000000c5300000| Untracked 
|  84|0x00000000c5400000, 0x00000000c5400000, 0x00000000c5500000|  0%| F|  |TAMS 0x00000000c5400000, 0x00000000c5400000| Untracked 
|  85|0x00000000c5500000, 0x00000000c5500000, 0x00000000c5600000|  0%| F|  |TAMS 0x00000000c5500000, 0x00000000c5500000| Untracked 
|  86|0x00000000c5600000, 0x00000000c5600000, 0x00000000c5700000|  0%| F|  |TAMS 0x00000000c5600000, 0x00000000c5600000| Untracked 
|  87|0x00000000c5700000, 0x00000000c5700000, 0x00000000c5800000|  0%| F|  |TAMS 0x00000000c5700000, 0x00000000c5700000| Untracked 
|  88|0x00000000c5800000, 0x00000000c5800000, 0x00000000c5900000|  0%| F|  |TAMS 0x00000000c5800000, 0x00000000c5800000| Untracked 
|  89|0x00000000c5900000, 0x00000000c5900000, 0x00000000c5a00000|  0%| F|  |TAMS 0x00000000c5900000, 0x00000000c5900000| Untracked 
|  90|0x00000000c5a00000, 0x00000000c5a00000, 0x00000000c5b00000|  0%| F|  |TAMS 0x00000000c5a00000, 0x00000000c5a00000| Untracked 
|  91|0x00000000c5b00000, 0x00000000c5b00000, 0x00000000c5c00000|  0%| F|  |TAMS 0x00000000c5b00000, 0x00000000c5b00000| Untracked 
|  92|0x00000000c5c00000, 0x00000000c5c00000, 0x00000000c5d00000|  0%| F|  |TAMS 0x00000000c5c00000, 0x00000000c5c00000| Untracked 
|  93|0x00000000c5d00000, 0x00000000c5d00000, 0x00000000c5e00000|  0%| F|  |TAMS 0x00000000c5d00000, 0x00000000c5d00000| Untracked 
|  94|0x00000000c5e00000, 0x00000000c5e00000, 0x00000000c5f00000|  0%| F|  |TAMS 0x00000000c5e00000, 0x00000000c5e00000| Untracked 
|  95|0x00000000c5f00000, 0x00000000c5f00000, 0x00000000c6000000|  0%| F|  |TAMS 0x00000000c5f00000, 0x00000000c5f00000| Untracked 
|  96|0x00000000c6000000, 0x00000000c6000000, 0x00000000c6100000|  0%| F|  |TAMS 0x00000000c6000000, 0x00000000c6000000| Untracked 
|  97|0x00000000c6100000, 0x00000000c6100000, 0x00000000c6200000|  0%| F|  |TAMS 0x00000000c6100000, 0x00000000c6100000| Untracked 
|  98|0x00000000c6200000, 0x00000000c6200000, 0x00000000c6300000|  0%| F|  |TAMS 0x00000000c6200000, 0x00000000c6200000| Untracked 
|  99|0x00000000c6300000, 0x00000000c6300000, 0x00000000c6400000|  0%| F|  |TAMS 0x00000000c6300000, 0x00000000c6300000| Untracked 
| 100|0x00000000c6400000, 0x00000000c6400000, 0x00000000c6500000|  0%| F|  |TAMS 0x00000000c6400000, 0x00000000c6400000| Untracked 
| 101|0x00000000c6500000, 0x00000000c6500000, 0x00000000c6600000|  0%| F|  |TAMS 0x00000000c6500000, 0x00000000c6500000| Untracked 
| 102|0x00000000c6600000, 0x00000000c6600000, 0x00000000c6700000|  0%| F|  |TAMS 0x00000000c6600000, 0x00000000c6600000| Untracked 
| 103|0x00000000c6700000, 0x00000000c6700000, 0x00000000c6800000|  0%| F|  |TAMS 0x00000000c6700000, 0x00000000c6700000| Untracked 
| 104|0x00000000c6800000, 0x00000000c6800000, 0x00000000c6900000|  0%| F|  |TAMS 0x00000000c6800000, 0x00000000c6800000| Untracked 
| 105|0x00000000c6900000, 0x00000000c6900000, 0x00000000c6a00000|  0%| F|  |TAMS 0x00000000c6900000, 0x00000000c6900000| Untracked 
| 106|0x00000000c6a00000, 0x00000000c6a00000, 0x00000000c6b00000|  0%| F|  |TAMS 0x00000000c6a00000, 0x00000000c6a00000| Untracked 
| 107|0x00000000c6b00000, 0x00000000c6b00000, 0x00000000c6c00000|  0%| F|  |TAMS 0x00000000c6b00000, 0x00000000c6b00000| Untracked 
| 108|0x00000000c6c00000, 0x00000000c6c00000, 0x00000000c6d00000|  0%| F|  |TAMS 0x00000000c6c00000, 0x00000000c6c00000| Untracked 
| 109|0x00000000c6d00000, 0x00000000c6d00000, 0x00000000c6e00000|  0%| F|  |TAMS 0x00000000c6d00000, 0x00000000c6d00000| Untracked 
| 110|0x00000000c6e00000, 0x00000000c6e00000, 0x00000000c6f00000|  0%| F|  |TAMS 0x00000000c6e00000, 0x00000000c6e00000| Untracked 
| 111|0x00000000c6f00000, 0x00000000c6f00000, 0x00000000c7000000|  0%| F|  |TAMS 0x00000000c6f00000, 0x00000000c6f00000| Untracked 
| 112|0x00000000c7000000, 0x00000000c7000000, 0x00000000c7100000|  0%| F|  |TAMS 0x00000000c7000000, 0x00000000c7000000| Untracked 
| 113|0x00000000c7100000, 0x00000000c7100000, 0x00000000c7200000|  0%| F|  |TAMS 0x00000000c7100000, 0x00000000c7100000| Untracked 
| 114|0x00000000c7200000, 0x00000000c7200000, 0x00000000c7300000|  0%| F|  |TAMS 0x00000000c7200000, 0x00000000c7200000| Untracked 
| 115|0x00000000c7300000, 0x00000000c7300000, 0x00000000c7400000|  0%| F|  |TAMS 0x00000000c7300000, 0x00000000c7300000| Untracked 
| 116|0x00000000c7400000, 0x00000000c74060e0, 0x00000000c7500000|  2%| E|  |TAMS 0x00000000c7400000, 0x00000000c7400000| Complete 

Card table byte_map: [0x0000027ba61f0000,0x0000027ba63f0000] _byte_map_base: 0x0000027ba5bf0000

Marking Bits (Prev, Next): (CMBitMap*) 0x0000027b9fd59240, (CMBitMap*) 0x0000027b9fd59280
 Prev Bits: [0x0000027ba65f0000, 0x0000027ba75f0000)
 Next Bits: [0x0000027ba75f0000, 0x0000027ba85f0000)

Polling page: 0x0000027b9f4b0000

Metaspace:

Usage:
  Non-class:     50.42 MB used.
      Class:      7.16 MB used.
       Both:     57.58 MB used.

Virtual space:
  Non-class space:       64.00 MB reserved,      50.62 MB ( 79%) committed,  1 nodes.
      Class space:        1.00 GB reserved,       7.38 MB ( <1%) committed,  1 nodes.
             Both:        1.06 GB reserved,      58.00 MB (  5%) committed. 

Chunk freelists:
   Non-Class:  12.92 MB
       Class:  8.45 MB
        Both:  21.38 MB

MaxMetaspaceSize: unlimited
CompressedClassSpaceSize: 1.00 GB
Initial GC threshold: 21.00 MB
Current GC threshold: 96.69 MB
CDS: off
MetaspaceReclaimPolicy: balanced
 - commit_granule_bytes: 65536.
 - commit_granule_words: 8192.
 - virtual_space_node_default_size: 8388608.
 - enlarge_chunks_in_place: 1.
 - new_chunks_are_fully_committed: 0.
 - uncommit_free_chunks: 1.
 - use_allocation_guard: 0.
 - handle_deallocations: 1.


Internal statistics:

num_allocs_failed_limit: 6.
num_arena_births: 778.
num_arena_deaths: 292.
num_vsnodes_births: 2.
num_vsnodes_deaths: 0.
num_space_committed: 928.
num_space_uncommitted: 0.
num_chunks_returned_to_freelist: 367.
num_chunks_taken_from_freelist: 2747.
num_chunk_merges: 115.
num_chunk_splits: 1802.
num_chunks_enlarged: 1354.
num_inconsistent_stats: 0.

CodeCache: size=49152Kb used=17640Kb max_used=18873Kb free=31511Kb
 bounds [0x0000027ba2990000, 0x0000027ba3c20000, 0x0000027ba5990000]
 total_blobs=9840 nmethods=9165 adapters=600
 compilation: enabled
              stopped_count=0, restarted_count=0
 full_count=0

Compilation events (20 events):
Event: 10716.348 Thread 0x0000027bab6bed90 9157       1       org.eclipse.jdt.core.dom.CompilationUnit::types (5 bytes)
Event: 10716.348 Thread 0x0000027bab6bed90 nmethod 9157 0x0000027ba3bb4c90 code [0x0000027ba3bb4e20, 0x0000027ba3bb4ef8]
Event: 10716.592 Thread 0x0000027bab6bed90 9158       1       org.springframework.ide.vscode.boot.java.reconcilers.AddConfigurationIfBeansPresentReconciler::isApplicableClass (199 bytes)
Event: 10716.593 Thread 0x0000027bab6bed90 nmethod 9158 0x0000027ba3bb3f10 code [0x0000027ba3bb4160, 0x0000027ba3bb4818]
Event: 10716.625 Thread 0x0000027bab6bed90 9159       1       org.eclipse.jdt.internal.core.dom.NaiveASTFlattener::visit (21 bytes)
Event: 10716.625 Thread 0x0000027bab6bed90 nmethod 9159 0x0000027ba3bb3910 code [0x0000027ba3bb3ae0, 0x0000027ba3bb3d48]
Event: 12383.737 Thread 0x0000027bab6bed90 9160       1       sun.nio.fs.WindowsException::lastError (5 bytes)
Event: 12383.737 Thread 0x0000027bab6bed90 nmethod 9160 0x0000027ba3bb3610 code [0x0000027ba3bb37a0, 0x0000027ba3bb3878]
Event: 12387.391 Thread 0x0000027bab6bed90 9161       1       java.util.HashMap$KeySpliterator::characteristics (30 bytes)
Event: 12387.391 Thread 0x0000027bab6bed90 nmethod 9161 0x0000027ba3bb3310 code [0x0000027ba3bb34a0, 0x0000027ba3bb3598]
Event: 12416.550 Thread 0x0000027bab6bed90 9162       1       com.google.common.cache.LocalCache::unset (4 bytes)
Event: 12416.550 Thread 0x0000027bab6bed90 nmethod 9162 0x0000027ba3bb3010 code [0x0000027ba3bb31a0, 0x0000027ba3bb3258]
Event: 12416.559 Thread 0x0000027bab6bed90 9163       1       org.eclipse.jdt.internal.compiler.util.HashtableOfObject::rehash (84 bytes)
Event: 12416.560 Thread 0x0000027bab6bed90 nmethod 9163 0x0000027ba3bb2990 code [0x0000027ba3bb2b60, 0x0000027ba3bb2e48]
Event: 12476.572 Thread 0x0000027bab6bed90 9164       1       java.util.concurrent.SynchronousQueue::isEmpty (2 bytes)
Event: 12476.572 Thread 0x0000027bab6bed90 nmethod 9164 0x0000027ba3bb2690 code [0x0000027ba3bb2820, 0x0000027ba3bb28f8]
Event: 12788.494 Thread 0x0000027bab6bed90 9165       1       org.eclipse.jdt.internal.compiler.flow.UnconditionalFlowInfo::resetAssignmentInfo (14 bytes)
Event: 12788.494 Thread 0x0000027bab6bed90 nmethod 9165 0x0000027ba3bb2310 code [0x0000027ba3bb24a0, 0x0000027ba3bb2588]
Event: 12788.494 Thread 0x0000027bab6bed90 9166       1       org.eclipse.jdt.internal.compiler.flow.UnconditionalFlowInfo::resetAssignmentInfo (106 bytes)
Event: 12788.494 Thread 0x0000027bab6bed90 nmethod 9166 0x0000027ba3bb1d10 code [0x0000027ba3bb1ec0, 0x0000027ba3bb2158]

GC Heap History (20 events):
Event: 13420.321 GC heap before
{Heap before GC invocations=802 (full 744):
 garbage-first heap   total 119808K, used 35931K [0x00000000c0000000, 0x0000000100000000)
  region size 1024K, 1 young (1024K), 0 survivors (0K)
 Metaspace       used 58960K, committed 59392K, reserved 1114112K
  class space    used 7334K, committed 7552K, reserved 1048576K
}
Event: 13420.346 GC heap after
{Heap after GC invocations=803 (full 745):
 garbage-first heap   total 119808K, used 35931K [0x00000000c0000000, 0x0000000100000000)
  region size 1024K, 0 young (0K), 0 survivors (0K)
 Metaspace       used 58960K, committed 59392K, reserved 1114112K
  class space    used 7334K, committed 7552K, reserved 1048576K
}
Event: 13430.474 GC heap before
{Heap before GC invocations=803 (full 745):
 garbage-first heap   total 119808K, used 35931K [0x00000000c0000000, 0x0000000100000000)
  region size 1024K, 1 young (1024K), 0 survivors (0K)
 Metaspace       used 58960K, committed 59392K, reserved 1114112K
  class space    used 7334K, committed 7552K, reserved 1048576K
}
Event: 13430.502 GC heap after
{Heap after GC invocations=804 (full 746):
 garbage-first heap   total 119808K, used 35931K [0x00000000c0000000, 0x0000000100000000)
  region size 1024K, 0 young (0K), 0 survivors (0K)
 Metaspace       used 58960K, committed 59392K, reserved 1114112K
  class space    used 7334K, committed 7552K, reserved 1048576K
}
Event: 13440.625 GC heap before
{Heap before GC invocations=804 (full 746):
 garbage-first heap   total 119808K, used 35931K [0x00000000c0000000, 0x0000000100000000)
  region size 1024K, 1 young (1024K), 0 survivors (0K)
 Metaspace       used 58960K, committed 59392K, reserved 1114112K
  class space    used 7334K, committed 7552K, reserved 1048576K
}
Event: 13440.652 GC heap after
{Heap after GC invocations=805 (full 747):
 garbage-first heap   total 119808K, used 35931K [0x00000000c0000000, 0x0000000100000000)
  region size 1024K, 0 young (0K), 0 survivors (0K)
 Metaspace       used 58960K, committed 59392K, reserved 1114112K
  class space    used 7334K, committed 7552K, reserved 1048576K
}
Event: 13450.775 GC heap before
{Heap before GC invocations=805 (full 747):
 garbage-first heap   total 119808K, used 35931K [0x00000000c0000000, 0x0000000100000000)
  region size 1024K, 1 young (1024K), 0 survivors (0K)
 Metaspace       used 58960K, committed 59392K, reserved 1114112K
  class space    used 7334K, committed 7552K, reserved 1048576K
}
Event: 13450.803 GC heap after
{Heap after GC invocations=806 (full 748):
 garbage-first heap   total 119808K, used 35931K [0x00000000c0000000, 0x0000000100000000)
  region size 1024K, 0 young (0K), 0 survivors (0K)
 Metaspace       used 58960K, committed 59392K, reserved 1114112K
  class space    used 7334K, committed 7552K, reserved 1048576K
}
Event: 13460.922 GC heap before
{Heap before GC invocations=806 (full 748):
 garbage-first heap   total 119808K, used 35931K [0x00000000c0000000, 0x0000000100000000)
  region size 1024K, 1 young (1024K), 0 survivors (0K)
 Metaspace       used 58960K, committed 59392K, reserved 1114112K
  class space    used 7334K, committed 7552K, reserved 1048576K
}
Event: 13460.948 GC heap after
{Heap after GC invocations=807 (full 749):
 garbage-first heap   total 119808K, used 35931K [0x00000000c0000000, 0x0000000100000000)
  region size 1024K, 0 young (0K), 0 survivors (0K)
 Metaspace       used 58960K, committed 59392K, reserved 1114112K
  class space    used 7334K, committed 7552K, reserved 1048576K
}
Event: 13471.062 GC heap before
{Heap before GC invocations=807 (full 749):
 garbage-first heap   total 119808K, used 35931K [0x00000000c0000000, 0x0000000100000000)
  region size 1024K, 1 young (1024K), 0 survivors (0K)
 Metaspace       used 58960K, committed 59392K, reserved 1114112K
  class space    used 7334K, committed 7552K, reserved 1048576K
}
Event: 13471.088 GC heap after
{Heap after GC invocations=808 (full 750):
 garbage-first heap   total 119808K, used 35931K [0x00000000c0000000, 0x0000000100000000)
  region size 1024K, 0 young (0K), 0 survivors (0K)
 Metaspace       used 58960K, committed 59392K, reserved 1114112K
  class space    used 7334K, committed 7552K, reserved 1048576K
}
Event: 13481.212 GC heap before
{Heap before GC invocations=808 (full 750):
 garbage-first heap   total 119808K, used 35931K [0x00000000c0000000, 0x0000000100000000)
  region size 1024K, 1 young (1024K), 0 survivors (0K)
 Metaspace       used 58960K, committed 59392K, reserved 1114112K
  class space    used 7334K, committed 7552K, reserved 1048576K
}
Event: 13481.238 GC heap after
{Heap after GC invocations=809 (full 751):
 garbage-first heap   total 119808K, used 35931K [0x00000000c0000000, 0x0000000100000000)
  region size 1024K, 0 young (0K), 0 survivors (0K)
 Metaspace       used 58960K, committed 59392K, reserved 1114112K
  class space    used 7334K, committed 7552K, reserved 1048576K
}
Event: 13491.384 GC heap before
{Heap before GC invocations=809 (full 751):
 garbage-first heap   total 119808K, used 35931K [0x00000000c0000000, 0x0000000100000000)
  region size 1024K, 1 young (1024K), 0 survivors (0K)
 Metaspace       used 58960K, committed 59392K, reserved 1114112K
  class space    used 7334K, committed 7552K, reserved 1048576K
}
Event: 13491.415 GC heap after
{Heap after GC invocations=810 (full 752):
 garbage-first heap   total 119808K, used 35931K [0x00000000c0000000, 0x0000000100000000)
  region size 1024K, 0 young (0K), 0 survivors (0K)
 Metaspace       used 58960K, committed 59392K, reserved 1114112K
  class space    used 7334K, committed 7552K, reserved 1048576K
}
Event: 13501.543 GC heap before
{Heap before GC invocations=810 (full 752):
 garbage-first heap   total 119808K, used 35931K [0x00000000c0000000, 0x0000000100000000)
  region size 1024K, 1 young (1024K), 0 survivors (0K)
 Metaspace       used 58960K, committed 59392K, reserved 1114112K
  class space    used 7334K, committed 7552K, reserved 1048576K
}
Event: 13501.567 GC heap after
{Heap after GC invocations=811 (full 753):
 garbage-first heap   total 119808K, used 35931K [0x00000000c0000000, 0x0000000100000000)
  region size 1024K, 0 young (0K), 0 survivors (0K)
 Metaspace       used 58960K, committed 59392K, reserved 1114112K
  class space    used 7334K, committed 7552K, reserved 1048576K
}
Event: 13511.702 GC heap before
{Heap before GC invocations=811 (full 753):
 garbage-first heap   total 119808K, used 35931K [0x00000000c0000000, 0x0000000100000000)
  region size 1024K, 1 young (1024K), 0 survivors (0K)
 Metaspace       used 58960K, committed 59392K, reserved 1114112K
  class space    used 7334K, committed 7552K, reserved 1048576K
}
Event: 13511.731 GC heap after
{Heap after GC invocations=812 (full 754):
 garbage-first heap   total 119808K, used 35931K [0x00000000c0000000, 0x0000000100000000)
  region size 1024K, 0 young (0K), 0 survivors (0K)
 Metaspace       used 58960K, committed 59392K, reserved 1114112K
  class space    used 7334K, committed 7552K, reserved 1048576K
}

Dll operation events (10 events):
Event: 0.011 Loaded shared library c:\Users\USER\.vscode\extensions\redhat.java-1.30.0-win32-x64\jre\17.0.10-win32-x86_64\bin\java.dll
Event: 0.262 Loaded shared library C:\Users\USER\.vscode\extensions\redhat.java-1.30.0-win32-x64\jre\17.0.10-win32-x86_64\bin\net.dll
Event: 0.273 Loaded shared library C:\Users\USER\.vscode\extensions\redhat.java-1.30.0-win32-x64\jre\17.0.10-win32-x86_64\bin\nio.dll
Event: 0.635 Loaded shared library C:\Users\USER\.vscode\extensions\redhat.java-1.30.0-win32-x64\jre\17.0.10-win32-x86_64\bin\zip.dll
Event: 5.157 Loaded shared library C:\Users\USER\.vscode\extensions\redhat.java-1.30.0-win32-x64\jre\17.0.10-win32-x86_64\bin\jimage.dll
Event: 6.510 Loaded shared library c:\Users\USER\.vscode\extensions\redhat.java-1.30.0-win32-x64\jre\17.0.10-win32-x86_64\bin\verify.dll
Event: 10.600 Loaded shared library C:\Users\USER\.vscode\extensions\redhat.java-1.30.0-win32-x64\jre\17.0.10-win32-x86_64\bin\management.dll
Event: 10.603 Loaded shared library C:\Users\USER\.vscode\extensions\redhat.java-1.30.0-win32-x64\jre\17.0.10-win32-x86_64\bin\management_ext.dll
Event: 12.154 Loaded shared library C:\Users\USER\.vscode\extensions\redhat.java-1.30.0-win32-x64\jre\17.0.10-win32-x86_64\bin\sunmscapi.dll
Event: 12.353 Loaded shared library C:\Users\USER\.vscode\extensions\redhat.java-1.30.0-win32-x64\jre\17.0.10-win32-x86_64\bin\extnet.dll

Deoptimization events (20 events):
Event: 11.993 Thread 0x0000027bb092aec0 DEOPT PACKING pc=0x0000027ba3192aa4 sp=0x000000f308bfec50
Event: 11.993 Thread 0x0000027bb092aec0 DEOPT UNPACKING pc=0x0000027ba29e7143 sp=0x000000f308bfe138 mode 0
Event: 12.218 Thread 0x0000027bb06d4e70 DEOPT PACKING pc=0x0000027ba2c0170c sp=0x000000f3093faa90
Event: 12.218 Thread 0x0000027bb06d4e70 DEOPT UNPACKING pc=0x0000027ba29e7143 sp=0x000000f3093f9f58 mode 0
Event: 967.821 Thread 0x0000027bb0784fa0 DEOPT PACKING pc=0x0000027ba30bf354 sp=0x000000f3080ff290
Event: 967.821 Thread 0x0000027bb0784fa0 DEOPT UNPACKING pc=0x0000027ba29e7143 sp=0x000000f3080fe718 mode 0
Event: 1507.069 Thread 0x0000027bb092a4a0 DEOPT PACKING pc=0x0000027ba32bd70c sp=0x000000f3086fe320
Event: 1507.069 Thread 0x0000027bb092a4a0 DEOPT UNPACKING pc=0x0000027ba29e7143 sp=0x000000f3086fd888 mode 0
Event: 1507.069 Thread 0x0000027bb092a4a0 DEOPT PACKING pc=0x0000027ba341a7cc sp=0x000000f3086fe450
Event: 1507.069 Thread 0x0000027bb092a4a0 DEOPT UNPACKING pc=0x0000027ba29e7143 sp=0x000000f3086fd930 mode 0
Event: 1507.069 Thread 0x0000027bb092a4a0 DEOPT PACKING pc=0x0000027ba32bd70c sp=0x000000f3086fe580
Event: 1507.069 Thread 0x0000027bb092a4a0 DEOPT UNPACKING pc=0x0000027ba29e7143 sp=0x000000f3086fdae8 mode 0
Event: 1507.069 Thread 0x0000027bb092a4a0 DEOPT PACKING pc=0x0000027ba341a7cc sp=0x000000f3086fe6b0
Event: 1507.069 Thread 0x0000027bb092a4a0 DEOPT UNPACKING pc=0x0000027ba29e7143 sp=0x000000f3086fdba8 mode 0
Event: 1507.070 Thread 0x0000027bb092a4a0 DEOPT PACKING pc=0x0000027ba32bd70c sp=0x000000f3086fea20
Event: 1507.070 Thread 0x0000027bb092a4a0 DEOPT UNPACKING pc=0x0000027ba29e7143 sp=0x000000f3086fdf88 mode 0
Event: 1507.070 Thread 0x0000027bb092a4a0 DEOPT PACKING pc=0x0000027ba341a7cc sp=0x000000f3086feb50
Event: 1507.070 Thread 0x0000027bb092a4a0 DEOPT UNPACKING pc=0x0000027ba29e7143 sp=0x000000f3086fe048 mode 0
Event: 9082.022 Thread 0x0000027bb092c300 DEOPT PACKING pc=0x0000027ba35c19b4 sp=0x000000f3069fdf00
Event: 9082.022 Thread 0x0000027bb092c300 DEOPT UNPACKING pc=0x0000027ba29e7143 sp=0x000000f3069fd450 mode 0

Classes unloaded (20 events):
Event: 1622.751 Thread 0x0000027bab683be0 Unloading class 0x00000001003b1800 'java/lang/invoke/LambdaForm$MH+0x00000001003b1800'
Event: 1622.751 Thread 0x0000027bab683be0 Unloading class 0x00000001003b4800 'java/lang/invoke/LambdaForm$MH+0x00000001003b4800'
Event: 1622.751 Thread 0x0000027bab683be0 Unloading class 0x0000000100408000 'java/lang/invoke/LambdaForm$MH+0x0000000100408000'
Event: 1622.751 Thread 0x0000027bab683be0 Unloading class 0x0000000100408800 'java/lang/invoke/LambdaForm$MH+0x0000000100408800'
Event: 1856.921 Thread 0x0000027bab683be0 Unloading class 0x0000000100548000 'jdk/internal/reflect/GeneratedConstructorAccessor51'
Event: 1856.921 Thread 0x0000027bab683be0 Unloading class 0x0000000100408800 'jdk/internal/reflect/GeneratedConstructorAccessor49'
Event: 1856.921 Thread 0x0000027bab683be0 Unloading class 0x0000000100408000 'jdk/internal/reflect/GeneratedMethodAccessor21'
Event: 1856.921 Thread 0x0000027bab683be0 Unloading class 0x00000001003b4800 'jdk/internal/reflect/GeneratedMethodAccessor20'
Event: 1856.921 Thread 0x0000027bab683be0 Unloading class 0x00000001003b1800 'jdk/internal/reflect/GeneratedConstructorAccessor48'
Event: 1856.921 Thread 0x0000027bab683be0 Unloading class 0x00000001003b0800 'jdk/internal/reflect/GeneratedMethodAccessor19'
Event: 1856.921 Thread 0x0000027bab683be0 Unloading class 0x00000001003b0400 'jdk/internal/reflect/GeneratedMethodAccessor18'
Event: 1856.921 Thread 0x0000027bab683be0 Unloading class 0x00000001003a3400 'jdk/internal/reflect/GeneratedMethodAccessor17'
Event: 9248.290 Thread 0x0000027bab683be0 Unloading class 0x000000010078dc00 'jdk/internal/reflect/GeneratedMethodAccessor29'
Event: 9248.290 Thread 0x0000027bab683be0 Unloading class 0x000000010078d800 'jdk/internal/reflect/GeneratedConstructorAccessor58'
Event: 9248.290 Thread 0x0000027bab683be0 Unloading class 0x000000010078d400 'jdk/internal/reflect/GeneratedMethodAccessor28'
Event: 9248.290 Thread 0x0000027bab683be0 Unloading class 0x000000010078d000 'jdk/internal/reflect/GeneratedConstructorAccessor57'
Event: 9248.290 Thread 0x0000027bab683be0 Unloading class 0x000000010078cc00 'jdk/internal/reflect/GeneratedMethodAccessor27'
Event: 9248.290 Thread 0x0000027bab683be0 Unloading class 0x000000010078c800 'jdk/internal/reflect/GeneratedMethodAccessor26'
Event: 9248.290 Thread 0x0000027bab683be0 Unloading class 0x000000010078c400 'jdk/internal/reflect/GeneratedMethodAccessor25'
Event: 9248.290 Thread 0x0000027bab683be0 Unloading class 0x000000010078c000 'jdk/internal/reflect/GeneratedConstructorAccessor56'

Classes redefined (0 events):
No events

Internal exceptions (20 events):
Event: 9080.733 Thread 0x0000027bb092a4a0 Exception <a 'sun/nio/fs/WindowsException'{0x00000000c665fa18}> (0x00000000c665fa18) 
thrown [s\src\hotspot\share\prims\jni.cpp, line 516]
Event: 9080.733 Thread 0x0000027bb092a4a0 Exception <a 'sun/nio/fs/WindowsException'{0x00000000c66605e0}> (0x00000000c66605e0) 
thrown [s\src\hotspot\share\prims\jni.cpp, line 516]
Event: 9112.906 Thread 0x0000027bb092a4a0 Exception <a 'sun/nio/fs/WindowsException'{0x00000000c4b16a28}> (0x00000000c4b16a28) 
thrown [s\src\hotspot\share\prims\jni.cpp, line 516]
Event: 9112.906 Thread 0x0000027bb092a4a0 Exception <a 'sun/nio/fs/WindowsException'{0x00000000c4b174b8}> (0x00000000c4b174b8) 
thrown [s\src\hotspot\share\prims\jni.cpp, line 516]
Event: 9112.906 Thread 0x0000027bb092a4a0 Exception <a 'sun/nio/fs/WindowsException'{0x00000000c4b17ef8}> (0x00000000c4b17ef8) 
thrown [s\src\hotspot\share\prims\jni.cpp, line 516]
Event: 9112.906 Thread 0x0000027bb092a4a0 Exception <a 'sun/nio/fs/WindowsException'{0x00000000c4b18988}> (0x00000000c4b18988) 
thrown [s\src\hotspot\share\prims\jni.cpp, line 516]
Event: 9112.906 Thread 0x0000027bb092a4a0 Exception <a 'sun/nio/fs/WindowsException'{0x00000000c4b194e8}> (0x00000000c4b194e8) 
thrown [s\src\hotspot\share\prims\jni.cpp, line 516]
Event: 9112.906 Thread 0x0000027bb092a4a0 Exception <a 'sun/nio/fs/WindowsException'{0x00000000c4b1a0b0}> (0x00000000c4b1a0b0) 
thrown [s\src\hotspot\share\prims\jni.cpp, line 516]
Event: 10085.619 Thread 0x0000027bb070eec0 Exception <a 'sun/nio/fs/WindowsException'{0x00000000c7489360}> (0x00000000c7489360) 
thrown [s\src\hotspot\share\prims\jni.cpp, line 516]
Event: 10085.620 Thread 0x0000027bb070eec0 Exception <a 'sun/nio/fs/WindowsException'{0x00000000c74899f8}> (0x00000000c74899f8) 
thrown [s\src\hotspot\share\prims\jni.cpp, line 516]
Event: 10390.942 Thread 0x0000027bb092a4a0 Exception <a 'sun/nio/fs/WindowsException'{0x00000000c62a1c28}> (0x00000000c62a1c28) 
thrown [s\src\hotspot\share\prims\jni.cpp, line 516]
Event: 10390.942 Thread 0x0000027bb092a4a0 Exception <a 'sun/nio/fs/WindowsException'{0x00000000c62a26b8}> (0x00000000c62a26b8) 
thrown [s\src\hotspot\share\prims\jni.cpp, line 516]
Event: 10390.942 Thread 0x0000027bb092a4a0 Exception <a 'sun/nio/fs/WindowsException'{0x00000000c62a30f8}> (0x00000000c62a30f8) 
thrown [s\src\hotspot\share\prims\jni.cpp, line 516]
Event: 10390.942 Thread 0x0000027bb092a4a0 Exception <a 'sun/nio/fs/WindowsException'{0x00000000c62a3b88}> (0x00000000c62a3b88) 
thrown [s\src\hotspot\share\prims\jni.cpp, line 516]
Event: 10390.942 Thread 0x0000027bb092a4a0 Exception <a 'sun/nio/fs/WindowsException'{0x00000000c62a46e8}> (0x00000000c62a46e8) 
thrown [s\src\hotspot\share\prims\jni.cpp, line 516]
Event: 10390.942 Thread 0x0000027bb092a4a0 Exception <a 'sun/nio/fs/WindowsException'{0x00000000c62a52b0}> (0x00000000c62a52b0) 
thrown [s\src\hotspot\share\prims\jni.cpp, line 516]
Event: 12383.737 Thread 0x0000027bb070eec0 Exception <a 'sun/nio/fs/WindowsException'{0x00000000c74062d0}> (0x00000000c74062d0) 
thrown [s\src\hotspot\share\prims\jni.cpp, line 516]
Event: 12383.737 Thread 0x0000027bb070eec0 Exception <a 'sun/nio/fs/WindowsException'{0x00000000c7406948}> (0x00000000c7406948) 
thrown [s\src\hotspot\share\prims\jni.cpp, line 516]
Event: 12387.391 Thread 0x0000027bb070eec0 Exception <a 'sun/nio/fs/WindowsException'{0x00000000c7410568}> (0x00000000c7410568) 
thrown [s\src\hotspot\share\prims\jni.cpp, line 516]
Event: 12387.391 Thread 0x0000027bb070eec0 Exception <a 'sun/nio/fs/WindowsException'{0x00000000c7410c90}> (0x00000000c7410c90) 
thrown [s\src\hotspot\share\prims\jni.cpp, line 516]

VM Operations (20 events):
Event: 13420.346 Executing VM operation: G1CollectFull done
Event: 13430.474 Executing VM operation: G1CollectFull
Event: 13430.502 Executing VM operation: G1CollectFull done
Event: 13440.625 Executing VM operation: G1CollectFull
Event: 13440.652 Executing VM operation: G1CollectFull done
Event: 13450.775 Executing VM operation: G1CollectFull
Event: 13450.803 Executing VM operation: G1CollectFull done
Event: 13460.922 Executing VM operation: G1CollectFull
Event: 13460.948 Executing VM operation: G1CollectFull done
Event: 13471.062 Executing VM operation: G1CollectFull
Event: 13471.088 Executing VM operation: G1CollectFull done
Event: 13481.212 Executing VM operation: G1CollectFull
Event: 13481.238 Executing VM operation: G1CollectFull done
Event: 13491.384 Executing VM operation: G1CollectFull
Event: 13491.415 Executing VM operation: G1CollectFull done
Event: 13501.543 Executing VM operation: G1CollectFull
Event: 13501.567 Executing VM operation: G1CollectFull done
Event: 13511.702 Executing VM operation: G1CollectFull
Event: 13511.731 Executing VM operation: G1CollectFull done
Event: 13521.790 Executing VM operation: G1CollectFull

Events (20 events):
Event: 10776.355 Thread 0x0000027bb092c300 Thread exited: 0x0000027bb092c300
Event: 10781.785 Thread 0x0000027bb092c810 Thread exited: 0x0000027bb092c810
Event: 10792.503 Thread 0x0000027bb092aec0 Thread exited: 0x0000027bb092aec0
Event: 10792.503 Thread 0x0000027bb092b3d0 Thread exited: 0x0000027bb092b3d0
Event: 12416.548 Thread 0x0000027bb092c300 Thread added: 0x0000027bb092c300
Event: 12416.550 Thread 0x0000027bb0929060 Thread added: 0x0000027bb0929060
Event: 12476.572 Thread 0x0000027bb0929060 Thread exited: 0x0000027bb0929060
Event: 12506.818 Thread 0x0000027bb092c300 Thread exited: 0x0000027bb092c300
Event: 12542.013 Thread 0x0000027bb092c300 Thread added: 0x0000027bb092c300
Event: 12602.573 Thread 0x0000027bb092c300 Thread exited: 0x0000027bb092c300
Event: 12610.279 Thread 0x0000027bb092c300 Thread added: 0x0000027bb092c300
Event: 12611.831 Thread 0x0000027bb092c810 Thread added: 0x0000027bb092c810
Event: 12611.832 Thread 0x0000027bb0929060 Thread added: 0x0000027bb0929060
Event: 12671.836 Thread 0x0000027bb092c810 Thread exited: 0x0000027bb092c810
Event: 12671.851 Thread 0x0000027bb0929060 Thread exited: 0x0000027bb0929060
Event: 12671.851 Thread 0x0000027bb092c300 Thread exited: 0x0000027bb092c300
Event: 12788.470 Thread 0x0000027bb092aec0 Thread added: 0x0000027bb092aec0
Event: 12788.472 Thread 0x0000027bb092b3d0 Thread added: 0x0000027bb092b3d0
Event: 12848.512 Thread 0x0000027bb092aec0 Thread exited: 0x0000027bb092aec0
Event: 12848.512 Thread 0x0000027bb092b3d0 Thread exited: 0x0000027bb092b3d0


Dynamic libraries:
0x00007ff609220000 - 0x00007ff60922e000 	c:\Users\USER\.vscode\extensions\redhat.java-1.30.0-win32-x64\jre\17.0.10-win32-x86_64\bin\java.exe
0x00007ff8372b0000 - 0x00007ff8374c6000 	C:\WINDOWS\SYSTEM32\ntdll.dll
0x00007ff836150000 - 0x00007ff836214000 	C:\WINDOWS\System32\KERNEL32.DLL
0x00007ff834770000 - 0x00007ff834b17000 	C:\WINDOWS\System32\KERNELBASE.dll
0x00007ff831610000 - 0x00007ff8316a7000 	C:\WINDOWS\SYSTEM32\apphelp.dll
0x00007ff834ec0000 - 0x00007ff834fd1000 	C:\WINDOWS\System32\ucrtbase.dll
0x00007ff8128a0000 - 0x00007ff8128bb000 	c:\Users\USER\.vscode\extensions\redhat.java-1.30.0-win32-x64\jre\17.0.10-win32-x86_64\bin\VCRUNTIME140.dll
0x00007ff82f840000 - 0x00007ff82f857000 	c:\Users\USER\.vscode\extensions\redhat.java-1.30.0-win32-x64\jre\17.0.10-win32-x86_64\bin\jli.dll
0x00007ff836af0000 - 0x00007ff836c9e000 	C:\WINDOWS\System32\USER32.dll
0x00007ff834e10000 - 0x00007ff834e36000 	C:\WINDOWS\System32\win32u.dll
0x00007ff81a3c0000 - 0x00007ff81a653000 	C:\WINDOWS\WinSxS\amd64_microsoft.windows.common-controls_6595b64144ccf1df_6.0.22621.3235_none_270f74e173860f98\COMCTL32.dll
0x00007ff835de0000 - 0x00007ff835e87000 	C:\WINDOWS\System32\msvcrt.dll
0x00007ff835040000 - 0x00007ff835069000 	C:\WINDOWS\System32\GDI32.dll
0x00007ff834cf0000 - 0x00007ff834e09000 	C:\WINDOWS\System32\gdi32full.dll
0x00007ff834b90000 - 0x00007ff834c2a000 	C:\WINDOWS\System32\msvcp_win.dll
0x00007ff834fe0000 - 0x00007ff835011000 	C:\WINDOWS\System32\IMM32.DLL
0x00007ff82e7f0000 - 0x00007ff82e7fc000 	c:\Users\USER\.vscode\extensions\redhat.java-1.30.0-win32-x64\jre\17.0.10-win32-x86_64\bin\vcruntime140_1.dll
0x00007fff8cf70000 - 0x00007fff8cffd000 	c:\Users\USER\.vscode\extensions\redhat.java-1.30.0-win32-x64\jre\17.0.10-win32-x86_64\bin\msvcp140.dll
0x00007fff3caa0000 - 0x00007fff3d702000 	c:\Users\USER\.vscode\extensions\redhat.java-1.30.0-win32-x64\jre\17.0.10-win32-x86_64\bin\server\jvm.dll
0x00007ff836e20000 - 0x00007ff836ed2000 	C:\WINDOWS\System32\ADVAPI32.dll
0x00007ff836040000 - 0x00007ff8360e8000 	C:\WINDOWS\System32\sechost.dll
0x00007ff834740000 - 0x00007ff834768000 	C:\WINDOWS\System32\bcrypt.dll
0x00007ff836800000 - 0x00007ff836915000 	C:\WINDOWS\System32\RPCRT4.dll
0x00007ff800080000 - 0x00007ff800089000 	C:\WINDOWS\SYSTEM32\WSOCK32.dll
0x00007ff8342f0000 - 0x00007ff83433d000 	C:\WINDOWS\SYSTEM32\POWRPROF.dll
0x00007ff82bac0000 - 0x00007ff82baf4000 	C:\WINDOWS\SYSTEM32\WINMM.dll
0x00007ff835070000 - 0x00007ff8350e1000 	C:\WINDOWS\System32\WS2_32.dll
0x00007ff82aa70000 - 0x00007ff82aa7a000 	C:\WINDOWS\SYSTEM32\VERSION.dll
0x00007ff834200000 - 0x00007ff834213000 	C:\WINDOWS\SYSTEM32\UMPDC.dll
0x00007ff833610000 - 0x00007ff833628000 	C:\WINDOWS\SYSTEM32\kernel.appcore.dll
0x00007ff82e7d0000 - 0x00007ff82e7da000 	c:\Users\USER\.vscode\extensions\redhat.java-1.30.0-win32-x64\jre\17.0.10-win32-x86_64\bin\jimage.dll
0x00007ff826620000 - 0x00007ff826853000 	C:\WINDOWS\SYSTEM32\DBGHELP.DLL
0x00007ff836ee0000 - 0x00007ff837268000 	C:\WINDOWS\System32\combase.dll
0x00007ff8353f0000 - 0x00007ff8354c7000 	C:\WINDOWS\System32\OLEAUT32.dll
0x00007ff811510000 - 0x00007ff811542000 	C:\WINDOWS\SYSTEM32\dbgcore.DLL
0x00007ff834e40000 - 0x00007ff834eb9000 	C:\WINDOWS\System32\bcryptPrimitives.dll
0x00007fffbdfb0000 - 0x00007fffbdfd5000 	c:\Users\USER\.vscode\extensions\redhat.java-1.30.0-win32-x64\jre\17.0.10-win32-x86_64\bin\java.dll
0x00007ff808de0000 - 0x00007ff808df8000 	c:\Users\USER\.vscode\extensions\redhat.java-1.30.0-win32-x64\jre\17.0.10-win32-x86_64\bin\zip.dll
0x00007ff835550000 - 0x00007ff835dac000 	C:\WINDOWS\System32\SHELL32.dll
0x00007ff832530000 - 0x00007ff832e29000 	C:\WINDOWS\SYSTEM32\windows.storage.dll
0x00007ff8323f0000 - 0x00007ff83252e000 	C:\WINDOWS\SYSTEM32\wintypes.dll
0x00007ff8366a0000 - 0x00007ff836793000 	C:\WINDOWS\System32\SHCORE.dll
0x00007ff8360f0000 - 0x00007ff83614e000 	C:\WINDOWS\System32\shlwapi.dll
0x00007ff834500000 - 0x00007ff834521000 	C:\WINDOWS\SYSTEM32\profapi.dll
0x00007fffbe1e0000 - 0x00007fffbe1f9000 	C:\Users\USER\.vscode\extensions\redhat.java-1.30.0-win32-x64\jre\17.0.10-win32-x86_64\bin\net.dll
0x00007ff82d3d0000 - 0x00007ff82d506000 	C:\WINDOWS\SYSTEM32\WINHTTP.dll
0x00007ff833a80000 - 0x00007ff833ae9000 	C:\WINDOWS\system32\mswsock.dll
0x00007fffbdc30000 - 0x00007fffbdc46000 	C:\Users\USER\.vscode\extensions\redhat.java-1.30.0-win32-x64\jre\17.0.10-win32-x86_64\bin\nio.dll
0x00007ff82bb70000 - 0x00007ff82bb80000 	c:\Users\USER\.vscode\extensions\redhat.java-1.30.0-win32-x64\jre\17.0.10-win32-x86_64\bin\verify.dll
0x00007ff833cf0000 - 0x00007ff833d0b000 	C:\WINDOWS\SYSTEM32\CRYPTSP.dll
0x00007ff833570000 - 0x00007ff8335a5000 	C:\WINDOWS\system32\rsaenh.dll
0x00007ff833b80000 - 0x00007ff833ba8000 	C:\WINDOWS\SYSTEM32\USERENV.dll
0x00007ff833ce0000 - 0x00007ff833cec000 	C:\WINDOWS\SYSTEM32\CRYPTBASE.dll
0x00007ff8330d0000 - 0x00007ff8330fd000 	C:\WINDOWS\SYSTEM32\IPHLPAPI.DLL
0x00007ff835dd0000 - 0x00007ff835dd9000 	C:\WINDOWS\System32\NSI.dll
0x00007ff82d6b0000 - 0x00007ff82d6c9000 	C:\WINDOWS\SYSTEM32\dhcpcsvc6.DLL
0x00007ff82d150000 - 0x00007ff82d16f000 	C:\WINDOWS\SYSTEM32\dhcpcsvc.DLL
0x00007ff833100000 - 0x00007ff8331f9000 	C:\WINDOWS\SYSTEM32\DNSAPI.dll
0x00007ff81e090000 - 0x00007ff81e099000 	C:\Users\USER\.vscode\extensions\redhat.java-1.30.0-win32-x64\jre\17.0.10-win32-x86_64\bin\management.dll
0x00007ff80e490000 - 0x00007ff80e49b000 	C:\Users\USER\.vscode\extensions\redhat.java-1.30.0-win32-x64\jre\17.0.10-win32-x86_64\bin\management_ext.dll
0x00007ff836d60000 - 0x00007ff836d68000 	C:\WINDOWS\System32\PSAPI.DLL
0x00007ff80c490000 - 0x00007ff80c49e000 	C:\Users\USER\.vscode\extensions\redhat.java-1.30.0-win32-x64\jre\17.0.10-win32-x86_64\bin\sunmscapi.dll
0x00007ff8345d0000 - 0x00007ff834737000 	C:\WINDOWS\System32\CRYPT32.dll
0x00007ff833ef0000 - 0x00007ff833f1e000 	C:\WINDOWS\SYSTEM32\ncrypt.dll
0x00007ff833eb0000 - 0x00007ff833ee7000 	C:\WINDOWS\SYSTEM32\NTASN1.dll
0x00007ff82ac00000 - 0x00007ff82ac0a000 	C:\Windows\System32\rasadhlp.dll
0x00007ff82b8d0000 - 0x00007ff82b953000 	C:\WINDOWS\System32\fwpuclnt.dll
0x00007ff80c410000 - 0x00007ff80c419000 	C:\Users\USER\.vscode\extensions\redhat.java-1.30.0-win32-x64\jre\17.0.10-win32-x86_64\bin\extnet.dll

dbghelp: loaded successfully - version: 4.0.5 - missing functions: none
symbol engine: initialized successfully - sym options: 0x614 - pdb path: .;c:\Users\USER\.vscode\extensions\redhat.java-1.30.0-win32-x64\jre\17.0.10-win32-x86_64\bin;C:\WINDOWS\SYSTEM32;C:\WINDOWS\WinSxS\amd64_microsoft.windows.common-controls_6595b64144ccf1df_6.0.22621.3235_none_270f74e173860f98;c:\Users\USER\.vscode\extensions\redhat.java-1.30.0-win32-x64\jre\17.0.10-win32-x86_64\bin\server

VM Arguments:
jvm_args: -Xmx1024m -Dsts.lsp.client=vscode -Dsts.log.file=/dev/null -XX:TieredStopAtLevel=1 -Xlog:jni+resolve=off -Dspring.config.location=file:c:\Users\USER\.vscode\extensions\vmware.vscode-spring-boot-1.54.0\language-server\BOOT-INF\classes\application.properties 
java_command: org.springframework.ide.vscode.boot.app.BootLanguageServerBootApp
java_class_path (initial): c:\Users\USER\.vscode\extensions\vmware.vscode-spring-boot-1.54.0\language-server\BOOT-INF\classes;c:\Users\USER\.vscode\extensions\vmware.vscode-spring-boot-1.54.0\language-server\BOOT-INF\lib\annotations-24.1.0.jar;c:\Users\USER\.vscode\extensions\vmware.vscode-spring-boot-1.54.0\language-server\BOOT-INF\lib\antlr4-runtime-4.13.1.jar;c:\Users\USER\.vscode\extensions\vmware.vscode-spring-boot-1.54.0\language-server\BOOT-INF\lib\asm-9.7.jar;c:\Users\USER\.vscode\extensions\vmware.vscode-spring-boot-1.54.0\language-server\BOOT-INF\lib\asm-analysis-9.7.jar;c:\Users\USER\.vscode\extensions\vmware.vscode-spring-boot-1.54.0\language-server\BOOT-INF\lib\asm-tree-9.7.jar;c:\Users\USER\.vscode\extensions\vmware.vscode-spring-boot-1.54.0\language-server\BOOT-INF\lib\asm-util-9.7.jar;c:\Users\USER\.vscode\extensions\vmware.vscode-spring-boot-1.54.0\language-server\BOOT-INF\lib\caffeine-3.1.8.jar;c:\Users\USER\.vscode\extensions\vmware.vscode-spring-boot-1.54.0\language-server\BOOT-INF\lib\checker-qual-3.12.0.jar;c:\Users\USER\.vscode\extensions\vmware.vscode-spring-boot-1.54.0\language-server\BOOT-INF\lib\classgraph-4.8.149.jar;c:\Users\USER\.vscode\extensions\vmware.vscode-spring-boot-1.54.0\language-server\BOOT-INF\lib\commons-codec-1.16.1.jar;c:\Users\USER\.vscode\extensions\vmware.vscode-spring-boot-1.54.0\language-server\BOOT-INF\lib\commons-compress-1.26.1.jar;c:\Users\USER\.vscode\extensions\vmware.vscode-spring-boot-1.54.0\language-server\BOOT-INF\lib\commons-io-2.4.jar;c:\Users\USER\.vscode\extensions\vmware.vscode-spring-boot-1.54.0\language-server\BOOT-INF\lib\commons-java-1.54.0-SNAPSHOT.jar;c:\Users\USER\.vscode\extensions\vmware.vscode-spring-boot-1.54.0\language-server\BOOT-INF\lib\commons-lang3-3.13.0.jar;c:\Users\USER\.vscode\extensions\vmware.vscode-spring-boot-1.54.0\language-server\BOOT-INF\lib\commons-language-server-1.54.0-SNAPSHOT.jar;c:\Users\USER\.vscode\extensions\vmware.vscode-spring-boot-1.54.0\language-server\BOOT-INF\
Launcher Type: SUN_STANDARD

[Global flags]
     intx CICompilerCount                          = 12                                        {product} {ergonomic}
     uint ConcGCThreads                            = 3                                         {product} {ergonomic}
     uint G1ConcRefinementThreads                  = 13                                        {product} {ergonomic}
   size_t G1HeapRegionSize                         = 1048576                                   {product} {ergonomic}
    uintx GCDrainStackTargetSize                   = 64                                        {product} {ergonomic}
   size_t InitialHeapSize                          = 257949696                                 {product} {ergonomic}
   size_t MarkStackSize                            = 4194304                                   {product} {ergonomic}
   size_t MaxHeapSize                              = 1073741824                                {product} {command line}
   size_t MaxNewSize                               = 643825664                                 {product} {ergonomic}
   size_t MinHeapDeltaBytes                        = 1048576                                   {product} {ergonomic}
   size_t MinHeapSize                              = 8388608                                   {product} {ergonomic}
    uintx NonProfiledCodeHeapSize                  = 0                                      {pd product} {ergonomic}
     bool ProfileInterpreter                       = false                                  {pd product} {command line}
    uintx ProfiledCodeHeapSize                     = 0                                      {pd product} {ergonomic}
   size_t SoftMaxHeapSize                          = 1073741824                             {manageable} {ergonomic}
     intx TieredStopAtLevel                        = 1                                         {product} {command line}
     bool UseCompressedClassPointers               = true                           {product lp64_product} {ergonomic}
     bool UseCompressedOops                        = true                           {product lp64_product} {ergonomic}
     bool UseG1GC                                  = true                                      {product} {ergonomic}
     bool UseLargePagesIndividualAllocation        = false                                  {pd product} {ergonomic}

Logging:
Log output configuration:
 #0: stdout all=warning,jni+resolve=off uptime,level,tags
 #1: stderr all=off uptime,level,tags

Environment Variables:
PATH=C:\Program Files (x86)\VMware\VMware Workstation\bin\;D:\sqll\dbhomeXE\bin;C:\Python311\Scripts\;C:\Python311\;C:\Program Files\Common Files\Oracle\Java\javapath;C:\Program Files\Microsoft\jdk-11.0.12.7-hotspot\bin;C:\windows\system32;C:\windows;C:\windows\System32\Wbem;C:\windows\System32\WindowsPowerShell\v1.0\;C:\windows\System32\OpenSSH\;C:\Program Files (x86)\NVIDIA Corporation\PhysX\Common;C:\Program Files\NVIDIA Corporation\NVIDIA NvDLISR;C:\Program Files\Microsoft SQL Server\Client SDK\ODBC\170\Tools\Binn\;C:\Program Files (x86)\Microsoft SQL Server\150\Tools\Binn\;C:\Program Files\Microsoft SQL Server\150\Tools\Binn\;C:\Program Files\Microsoft SQL Server\150\DTS\Binn\;C:\Program Files\Azure Data Studio\bin;C:\Program Files (x86)\Microsoft SQL Server\150\DTS\Binn\;C:\Users\USER\.dnx\bin;C:\Program Files\Microsoft DNX\Dnvm\;C:\Program Files\Microsoft SQL Server\120\Tools\Binn\;C:\Program Files\dotnet\;C:\WINDOWS\system32;C:\WINDOWS;C:\WINDOWS\System32\Wbem;C:\WINDOWS\System32\WindowsPowerShell\v1.0\;C:\WINDOWS\System32\OpenSSH\;C:\ProgramData\chocolatey\bin;C:\Program Files\nodejs\;C:\Program Files\Git\cmd;C:\Program Files\MySQL\MySQL Server 8.0\bin;C:\Program Files\MySQL\MySQL Shell 8.0\bin\;C:\Users\USER\AppData\Local\Programs\Python\Python310\Scripts\;C:\Users\USER\AppData\Local\Programs\Python\Python310\;C:\Users\USER\AppData\Local\Microsoft\WindowsApps;D:\Microsoft VS Code\bin;C:\Program Files\Azure Data Studio\bin;C:\Users\USER\.dotnet\tools;C:\Users\USER\AppData\Local\GitHubDesktop\bin;C:\Users\USER\AppData\Roaming\npm
USERNAME=USER
OS=Windows_NT
PROCESSOR_IDENTIFIER=AMD64 Family 25 Model 80 Stepping 0, AuthenticAMD
TMP=C:\Users\USER\AppData\Local\Temp
TEMP=C:\Users\USER\AppData\Local\Temp



Periodic native trim disabled


---------------  S Y S T E M  ---------------

OS:
 Windows 11 , 64 bit Build 22621 (10.0.22621.3374)
OS uptime: 0 days 4:31 hours

CPU: total 16 (initial active 16) (16 cores per cpu, 2 threads per core) family 25 model 80 stepping 0 microcode 0x0, cx8, cmov, fxsr, ht, mmx, 3dnowpref, sse, sse2, sse3, ssse3, sse4a, sse4.1, sse4.2, popcnt, lzcnt, tsc, tscinvbit, avx, avx2, aes, erms, clmul, bmi1, bmi2, adx, sha, fma, vzeroupper, clflush, clflushopt
Processor Information for all 16 processors :
  Max Mhz: 3201, Current Mhz: 3201, Mhz Limit: 3201

Memory: 4k page, system-wide physical 15713M (2447M free)
TotalPageFile size 28037M (AvailPageFile size 8M)
current process WorkingSet (physical memory assigned to process): 179M, peak: 311M
current process commit charge ("private bytes"): 305M, peak: 381M

vm_info: OpenJDK 64-Bit Server VM (17.0.10+7) for windows-amd64 JRE (17.0.10+7), built on Jan 16 2024 23:25:11 by "admin" with MS VC++ 16.10 / 16.11 (VS2019)

END.
